[2025-03-06T20:17:04.548+0000] {processor.py:186} INFO - Started process (PID=175) to work on /opt/airflow/dags/even_or_odd.py
[2025-03-06T20:17:04.549+0000] {processor.py:914} INFO - Processing file /opt/airflow/dags/even_or_odd.py for tasks to queue
[2025-03-06T20:17:04.552+0000] {logging_mixin.py:190} INFO - [2025-03-06T20:17:04.551+0000] {dagbag.py:588} INFO - Filling up the DagBag from /opt/airflow/dags/even_or_odd.py
[2025-03-06T20:17:04.572+0000] {processor.py:925} INFO - DAG(s) 'random_number_checker' retrieved from /opt/airflow/dags/even_or_odd.py
[2025-03-06T20:17:04.623+0000] {logging_mixin.py:190} INFO - [2025-03-06T20:17:04.623+0000] {dag.py:3239} INFO - Sync 1 DAGs
[2025-03-06T20:17:04.665+0000] {logging_mixin.py:190} INFO - [2025-03-06T20:17:04.664+0000] {dag.py:4180} INFO - Setting next_dagrun for random_number_checker to 2025-03-06 00:00:00+00:00, run_after=2025-03-07 00:00:00+00:00
[2025-03-06T20:17:04.691+0000] {processor.py:208} INFO - Processing /opt/airflow/dags/even_or_odd.py took 0.150 seconds
[2025-03-06T20:17:35.660+0000] {processor.py:186} INFO - Started process (PID=185) to work on /opt/airflow/dags/even_or_odd.py
[2025-03-06T20:17:35.661+0000] {processor.py:914} INFO - Processing file /opt/airflow/dags/even_or_odd.py for tasks to queue
[2025-03-06T20:17:35.662+0000] {logging_mixin.py:190} INFO - [2025-03-06T20:17:35.662+0000] {dagbag.py:588} INFO - Filling up the DagBag from /opt/airflow/dags/even_or_odd.py
[2025-03-06T20:17:35.670+0000] {processor.py:925} INFO - DAG(s) 'random_number_checker' retrieved from /opt/airflow/dags/even_or_odd.py
[2025-03-06T20:17:35.688+0000] {logging_mixin.py:190} INFO - [2025-03-06T20:17:35.688+0000] {dag.py:3239} INFO - Sync 1 DAGs
[2025-03-06T20:17:35.705+0000] {logging_mixin.py:190} INFO - [2025-03-06T20:17:35.705+0000] {dag.py:4180} INFO - Setting next_dagrun for random_number_checker to 2025-03-06 00:00:00+00:00, run_after=2025-03-07 00:00:00+00:00
[2025-03-06T20:17:35.717+0000] {processor.py:208} INFO - Processing /opt/airflow/dags/even_or_odd.py took 0.061 seconds
[2025-03-06T20:18:06.564+0000] {processor.py:186} INFO - Started process (PID=195) to work on /opt/airflow/dags/even_or_odd.py
[2025-03-06T20:18:06.564+0000] {processor.py:914} INFO - Processing file /opt/airflow/dags/even_or_odd.py for tasks to queue
[2025-03-06T20:18:06.566+0000] {logging_mixin.py:190} INFO - [2025-03-06T20:18:06.566+0000] {dagbag.py:588} INFO - Filling up the DagBag from /opt/airflow/dags/even_or_odd.py
[2025-03-06T20:18:06.575+0000] {processor.py:925} INFO - DAG(s) 'random_number_checker' retrieved from /opt/airflow/dags/even_or_odd.py
[2025-03-06T20:18:06.595+0000] {logging_mixin.py:190} INFO - [2025-03-06T20:18:06.595+0000] {dag.py:3239} INFO - Sync 1 DAGs
[2025-03-06T20:18:06.613+0000] {logging_mixin.py:190} INFO - [2025-03-06T20:18:06.613+0000] {dag.py:4180} INFO - Setting next_dagrun for random_number_checker to 2025-03-06 00:00:00+00:00, run_after=2025-03-07 00:00:00+00:00
[2025-03-06T20:18:06.625+0000] {processor.py:208} INFO - Processing /opt/airflow/dags/even_or_odd.py took 0.067 seconds
[2025-03-06T20:18:37.475+0000] {processor.py:186} INFO - Started process (PID=211) to work on /opt/airflow/dags/even_or_odd.py
[2025-03-06T20:18:37.476+0000] {processor.py:914} INFO - Processing file /opt/airflow/dags/even_or_odd.py for tasks to queue
[2025-03-06T20:18:37.477+0000] {logging_mixin.py:190} INFO - [2025-03-06T20:18:37.477+0000] {dagbag.py:588} INFO - Filling up the DagBag from /opt/airflow/dags/even_or_odd.py
[2025-03-06T20:18:37.484+0000] {processor.py:925} INFO - DAG(s) 'random_number_checker' retrieved from /opt/airflow/dags/even_or_odd.py
[2025-03-06T20:18:37.501+0000] {logging_mixin.py:190} INFO - [2025-03-06T20:18:37.501+0000] {dag.py:3239} INFO - Sync 1 DAGs
[2025-03-06T20:18:37.518+0000] {logging_mixin.py:190} INFO - [2025-03-06T20:18:37.518+0000] {dag.py:4180} INFO - Setting next_dagrun for random_number_checker to 2025-03-06 00:00:00+00:00, run_after=2025-03-07 00:00:00+00:00
[2025-03-06T20:18:37.529+0000] {processor.py:208} INFO - Processing /opt/airflow/dags/even_or_odd.py took 0.058 seconds
[2025-03-06T20:19:08.383+0000] {processor.py:186} INFO - Started process (PID=221) to work on /opt/airflow/dags/even_or_odd.py
[2025-03-06T20:19:08.384+0000] {processor.py:914} INFO - Processing file /opt/airflow/dags/even_or_odd.py for tasks to queue
[2025-03-06T20:19:08.385+0000] {logging_mixin.py:190} INFO - [2025-03-06T20:19:08.385+0000] {dagbag.py:588} INFO - Filling up the DagBag from /opt/airflow/dags/even_or_odd.py
[2025-03-06T20:19:08.392+0000] {processor.py:925} INFO - DAG(s) 'random_number_checker' retrieved from /opt/airflow/dags/even_or_odd.py
[2025-03-06T20:19:08.411+0000] {logging_mixin.py:190} INFO - [2025-03-06T20:19:08.410+0000] {dag.py:3239} INFO - Sync 1 DAGs
[2025-03-06T20:19:08.428+0000] {logging_mixin.py:190} INFO - [2025-03-06T20:19:08.428+0000] {dag.py:4180} INFO - Setting next_dagrun for random_number_checker to 2025-03-06 00:00:00+00:00, run_after=2025-03-07 00:00:00+00:00
[2025-03-06T20:19:08.439+0000] {processor.py:208} INFO - Processing /opt/airflow/dags/even_or_odd.py took 0.059 seconds
[2025-03-06T20:19:38.737+0000] {processor.py:186} INFO - Started process (PID=231) to work on /opt/airflow/dags/even_or_odd.py
[2025-03-06T20:19:38.737+0000] {processor.py:914} INFO - Processing file /opt/airflow/dags/even_or_odd.py for tasks to queue
[2025-03-06T20:19:38.739+0000] {logging_mixin.py:190} INFO - [2025-03-06T20:19:38.738+0000] {dagbag.py:588} INFO - Filling up the DagBag from /opt/airflow/dags/even_or_odd.py
[2025-03-06T20:19:38.746+0000] {processor.py:925} INFO - DAG(s) 'random_number_checker' retrieved from /opt/airflow/dags/even_or_odd.py
[2025-03-06T20:19:38.767+0000] {logging_mixin.py:190} INFO - [2025-03-06T20:19:38.766+0000] {dag.py:3239} INFO - Sync 1 DAGs
[2025-03-06T20:19:38.785+0000] {logging_mixin.py:190} INFO - [2025-03-06T20:19:38.784+0000] {dag.py:4180} INFO - Setting next_dagrun for random_number_checker to 2025-03-06 00:00:00+00:00, run_after=2025-03-07 00:00:00+00:00
[2025-03-06T20:19:38.796+0000] {processor.py:208} INFO - Processing /opt/airflow/dags/even_or_odd.py took 0.063 seconds
[2025-03-06T20:20:08.857+0000] {processor.py:186} INFO - Started process (PID=241) to work on /opt/airflow/dags/even_or_odd.py
[2025-03-06T20:20:08.858+0000] {processor.py:914} INFO - Processing file /opt/airflow/dags/even_or_odd.py for tasks to queue
[2025-03-06T20:20:08.860+0000] {logging_mixin.py:190} INFO - [2025-03-06T20:20:08.860+0000] {dagbag.py:588} INFO - Filling up the DagBag from /opt/airflow/dags/even_or_odd.py
[2025-03-06T20:20:08.869+0000] {processor.py:925} INFO - DAG(s) 'random_number_checker' retrieved from /opt/airflow/dags/even_or_odd.py
[2025-03-06T20:20:08.888+0000] {logging_mixin.py:190} INFO - [2025-03-06T20:20:08.888+0000] {dag.py:3239} INFO - Sync 1 DAGs
[2025-03-06T20:20:08.908+0000] {logging_mixin.py:190} INFO - [2025-03-06T20:20:08.908+0000] {dag.py:4180} INFO - Setting next_dagrun for random_number_checker to 2025-03-06 00:00:00+00:00, run_after=2025-03-07 00:00:00+00:00
[2025-03-06T20:20:08.923+0000] {processor.py:208} INFO - Processing /opt/airflow/dags/even_or_odd.py took 0.071 seconds
[2025-03-06T20:20:39.786+0000] {processor.py:186} INFO - Started process (PID=251) to work on /opt/airflow/dags/even_or_odd.py
[2025-03-06T20:20:39.787+0000] {processor.py:914} INFO - Processing file /opt/airflow/dags/even_or_odd.py for tasks to queue
[2025-03-06T20:20:39.788+0000] {logging_mixin.py:190} INFO - [2025-03-06T20:20:39.788+0000] {dagbag.py:588} INFO - Filling up the DagBag from /opt/airflow/dags/even_or_odd.py
[2025-03-06T20:20:39.796+0000] {processor.py:925} INFO - DAG(s) 'random_number_checker' retrieved from /opt/airflow/dags/even_or_odd.py
[2025-03-06T20:20:39.814+0000] {logging_mixin.py:190} INFO - [2025-03-06T20:20:39.813+0000] {dag.py:3239} INFO - Sync 1 DAGs
[2025-03-06T20:20:39.830+0000] {logging_mixin.py:190} INFO - [2025-03-06T20:20:39.830+0000] {dag.py:4180} INFO - Setting next_dagrun for random_number_checker to 2025-03-06 00:00:00+00:00, run_after=2025-03-07 00:00:00+00:00
[2025-03-06T20:20:39.841+0000] {processor.py:208} INFO - Processing /opt/airflow/dags/even_or_odd.py took 0.058 seconds
[2025-03-06T20:21:11.706+0000] {processor.py:186} INFO - Started process (PID=261) to work on /opt/airflow/dags/even_or_odd.py
[2025-03-06T20:21:11.707+0000] {processor.py:914} INFO - Processing file /opt/airflow/dags/even_or_odd.py for tasks to queue
[2025-03-06T20:21:11.708+0000] {logging_mixin.py:190} INFO - [2025-03-06T20:21:11.708+0000] {dagbag.py:588} INFO - Filling up the DagBag from /opt/airflow/dags/even_or_odd.py
[2025-03-06T20:21:11.715+0000] {processor.py:925} INFO - DAG(s) 'random_number_checker' retrieved from /opt/airflow/dags/even_or_odd.py
[2025-03-06T20:21:11.732+0000] {logging_mixin.py:190} INFO - [2025-03-06T20:21:11.732+0000] {dag.py:3239} INFO - Sync 1 DAGs
[2025-03-06T20:21:11.749+0000] {logging_mixin.py:190} INFO - [2025-03-06T20:21:11.749+0000] {dag.py:4180} INFO - Setting next_dagrun for random_number_checker to 2025-03-06 00:00:00+00:00, run_after=2025-03-07 00:00:00+00:00
[2025-03-06T20:21:11.760+0000] {processor.py:208} INFO - Processing /opt/airflow/dags/even_or_odd.py took 0.058 seconds
[2025-03-06T20:21:43.624+0000] {processor.py:186} INFO - Started process (PID=271) to work on /opt/airflow/dags/even_or_odd.py
[2025-03-06T20:21:43.625+0000] {processor.py:914} INFO - Processing file /opt/airflow/dags/even_or_odd.py for tasks to queue
[2025-03-06T20:21:43.626+0000] {logging_mixin.py:190} INFO - [2025-03-06T20:21:43.626+0000] {dagbag.py:588} INFO - Filling up the DagBag from /opt/airflow/dags/even_or_odd.py
[2025-03-06T20:21:43.633+0000] {processor.py:925} INFO - DAG(s) 'random_number_checker' retrieved from /opt/airflow/dags/even_or_odd.py
[2025-03-06T20:21:43.653+0000] {logging_mixin.py:190} INFO - [2025-03-06T20:21:43.652+0000] {dag.py:3239} INFO - Sync 1 DAGs
[2025-03-06T20:21:43.671+0000] {logging_mixin.py:190} INFO - [2025-03-06T20:21:43.671+0000] {dag.py:4180} INFO - Setting next_dagrun for random_number_checker to 2025-03-06 00:00:00+00:00, run_after=2025-03-07 00:00:00+00:00
[2025-03-06T20:21:43.683+0000] {processor.py:208} INFO - Processing /opt/airflow/dags/even_or_odd.py took 0.062 seconds
[2025-03-06T20:22:16.545+0000] {processor.py:186} INFO - Started process (PID=281) to work on /opt/airflow/dags/even_or_odd.py
[2025-03-06T20:22:16.545+0000] {processor.py:914} INFO - Processing file /opt/airflow/dags/even_or_odd.py for tasks to queue
[2025-03-06T20:22:16.546+0000] {logging_mixin.py:190} INFO - [2025-03-06T20:22:16.546+0000] {dagbag.py:588} INFO - Filling up the DagBag from /opt/airflow/dags/even_or_odd.py
[2025-03-06T20:22:16.553+0000] {processor.py:925} INFO - DAG(s) 'random_number_checker' retrieved from /opt/airflow/dags/even_or_odd.py
[2025-03-06T20:22:16.571+0000] {logging_mixin.py:190} INFO - [2025-03-06T20:22:16.571+0000] {dag.py:3239} INFO - Sync 1 DAGs
[2025-03-06T20:22:16.588+0000] {logging_mixin.py:190} INFO - [2025-03-06T20:22:16.588+0000] {dag.py:4180} INFO - Setting next_dagrun for random_number_checker to 2025-03-06 00:00:00+00:00, run_after=2025-03-07 00:00:00+00:00
[2025-03-06T20:22:16.599+0000] {processor.py:208} INFO - Processing /opt/airflow/dags/even_or_odd.py took 0.058 seconds
[2025-03-06T20:22:49.462+0000] {processor.py:186} INFO - Started process (PID=291) to work on /opt/airflow/dags/even_or_odd.py
[2025-03-06T20:22:49.463+0000] {processor.py:914} INFO - Processing file /opt/airflow/dags/even_or_odd.py for tasks to queue
[2025-03-06T20:22:49.464+0000] {logging_mixin.py:190} INFO - [2025-03-06T20:22:49.464+0000] {dagbag.py:588} INFO - Filling up the DagBag from /opt/airflow/dags/even_or_odd.py
[2025-03-06T20:22:49.472+0000] {processor.py:925} INFO - DAG(s) 'random_number_checker' retrieved from /opt/airflow/dags/even_or_odd.py
[2025-03-06T20:22:49.490+0000] {logging_mixin.py:190} INFO - [2025-03-06T20:22:49.490+0000] {dag.py:3239} INFO - Sync 1 DAGs
[2025-03-06T20:22:49.508+0000] {logging_mixin.py:190} INFO - [2025-03-06T20:22:49.508+0000] {dag.py:4180} INFO - Setting next_dagrun for random_number_checker to 2025-03-06 00:00:00+00:00, run_after=2025-03-07 00:00:00+00:00
[2025-03-06T20:22:49.521+0000] {processor.py:208} INFO - Processing /opt/airflow/dags/even_or_odd.py took 0.063 seconds
[2025-03-06T20:23:20.473+0000] {processor.py:186} INFO - Started process (PID=301) to work on /opt/airflow/dags/even_or_odd.py
[2025-03-06T20:23:20.474+0000] {processor.py:914} INFO - Processing file /opt/airflow/dags/even_or_odd.py for tasks to queue
[2025-03-06T20:23:20.475+0000] {logging_mixin.py:190} INFO - [2025-03-06T20:23:20.475+0000] {dagbag.py:588} INFO - Filling up the DagBag from /opt/airflow/dags/even_or_odd.py
[2025-03-06T20:23:20.483+0000] {processor.py:925} INFO - DAG(s) 'random_number_checker' retrieved from /opt/airflow/dags/even_or_odd.py
[2025-03-06T20:23:20.503+0000] {logging_mixin.py:190} INFO - [2025-03-06T20:23:20.502+0000] {dag.py:3239} INFO - Sync 1 DAGs
[2025-03-06T20:23:20.523+0000] {logging_mixin.py:190} INFO - [2025-03-06T20:23:20.523+0000] {dag.py:4180} INFO - Setting next_dagrun for random_number_checker to 2025-03-06 00:00:00+00:00, run_after=2025-03-07 00:00:00+00:00
[2025-03-06T20:23:20.534+0000] {processor.py:208} INFO - Processing /opt/airflow/dags/even_or_odd.py took 0.065 seconds
[2025-03-06T20:23:50.709+0000] {processor.py:186} INFO - Started process (PID=311) to work on /opt/airflow/dags/even_or_odd.py
[2025-03-06T20:23:50.710+0000] {processor.py:914} INFO - Processing file /opt/airflow/dags/even_or_odd.py for tasks to queue
[2025-03-06T20:23:50.711+0000] {logging_mixin.py:190} INFO - [2025-03-06T20:23:50.711+0000] {dagbag.py:588} INFO - Filling up the DagBag from /opt/airflow/dags/even_or_odd.py
[2025-03-06T20:23:50.719+0000] {processor.py:925} INFO - DAG(s) 'random_number_checker' retrieved from /opt/airflow/dags/even_or_odd.py
[2025-03-06T20:23:50.739+0000] {logging_mixin.py:190} INFO - [2025-03-06T20:23:50.739+0000] {dag.py:3239} INFO - Sync 1 DAGs
[2025-03-06T20:23:50.757+0000] {logging_mixin.py:190} INFO - [2025-03-06T20:23:50.757+0000] {dag.py:4180} INFO - Setting next_dagrun for random_number_checker to 2025-03-06 00:00:00+00:00, run_after=2025-03-07 00:00:00+00:00
[2025-03-06T20:23:50.768+0000] {processor.py:208} INFO - Processing /opt/airflow/dags/even_or_odd.py took 0.064 seconds
[2025-03-06T20:24:21.479+0000] {processor.py:186} INFO - Started process (PID=321) to work on /opt/airflow/dags/even_or_odd.py
[2025-03-06T20:24:21.479+0000] {processor.py:914} INFO - Processing file /opt/airflow/dags/even_or_odd.py for tasks to queue
[2025-03-06T20:24:21.481+0000] {logging_mixin.py:190} INFO - [2025-03-06T20:24:21.480+0000] {dagbag.py:588} INFO - Filling up the DagBag from /opt/airflow/dags/even_or_odd.py
[2025-03-06T20:24:21.488+0000] {processor.py:925} INFO - DAG(s) 'random_number_checker' retrieved from /opt/airflow/dags/even_or_odd.py
[2025-03-06T20:24:21.505+0000] {logging_mixin.py:190} INFO - [2025-03-06T20:24:21.504+0000] {dag.py:3239} INFO - Sync 1 DAGs
[2025-03-06T20:24:21.522+0000] {logging_mixin.py:190} INFO - [2025-03-06T20:24:21.521+0000] {dag.py:4180} INFO - Setting next_dagrun for random_number_checker to 2025-03-06 00:00:00+00:00, run_after=2025-03-07 00:00:00+00:00
[2025-03-06T20:24:21.532+0000] {processor.py:208} INFO - Processing /opt/airflow/dags/even_or_odd.py took 0.057 seconds
[2025-03-06T20:24:53.392+0000] {processor.py:186} INFO - Started process (PID=331) to work on /opt/airflow/dags/even_or_odd.py
[2025-03-06T20:24:53.393+0000] {processor.py:914} INFO - Processing file /opt/airflow/dags/even_or_odd.py for tasks to queue
[2025-03-06T20:24:53.394+0000] {logging_mixin.py:190} INFO - [2025-03-06T20:24:53.394+0000] {dagbag.py:588} INFO - Filling up the DagBag from /opt/airflow/dags/even_or_odd.py
[2025-03-06T20:24:53.401+0000] {processor.py:925} INFO - DAG(s) 'random_number_checker' retrieved from /opt/airflow/dags/even_or_odd.py
[2025-03-06T20:24:53.419+0000] {logging_mixin.py:190} INFO - [2025-03-06T20:24:53.419+0000] {dag.py:3239} INFO - Sync 1 DAGs
[2025-03-06T20:24:53.435+0000] {logging_mixin.py:190} INFO - [2025-03-06T20:24:53.435+0000] {dag.py:4180} INFO - Setting next_dagrun for random_number_checker to 2025-03-06 00:00:00+00:00, run_after=2025-03-07 00:00:00+00:00
[2025-03-06T20:24:53.446+0000] {processor.py:208} INFO - Processing /opt/airflow/dags/even_or_odd.py took 0.058 seconds
[2025-03-06T20:25:26.309+0000] {processor.py:186} INFO - Started process (PID=341) to work on /opt/airflow/dags/even_or_odd.py
[2025-03-06T20:25:26.310+0000] {processor.py:914} INFO - Processing file /opt/airflow/dags/even_or_odd.py for tasks to queue
[2025-03-06T20:25:26.311+0000] {logging_mixin.py:190} INFO - [2025-03-06T20:25:26.311+0000] {dagbag.py:588} INFO - Filling up the DagBag from /opt/airflow/dags/even_or_odd.py
[2025-03-06T20:25:26.318+0000] {processor.py:925} INFO - DAG(s) 'random_number_checker' retrieved from /opt/airflow/dags/even_or_odd.py
[2025-03-06T20:25:26.336+0000] {logging_mixin.py:190} INFO - [2025-03-06T20:25:26.336+0000] {dag.py:3239} INFO - Sync 1 DAGs
[2025-03-06T20:25:26.352+0000] {logging_mixin.py:190} INFO - [2025-03-06T20:25:26.352+0000] {dag.py:4180} INFO - Setting next_dagrun for random_number_checker to 2025-03-06 00:00:00+00:00, run_after=2025-03-07 00:00:00+00:00
[2025-03-06T20:25:26.363+0000] {processor.py:208} INFO - Processing /opt/airflow/dags/even_or_odd.py took 0.057 seconds
[2025-03-06T20:25:59.219+0000] {processor.py:186} INFO - Started process (PID=351) to work on /opt/airflow/dags/even_or_odd.py
[2025-03-06T20:25:59.220+0000] {processor.py:914} INFO - Processing file /opt/airflow/dags/even_or_odd.py for tasks to queue
[2025-03-06T20:25:59.221+0000] {logging_mixin.py:190} INFO - [2025-03-06T20:25:59.221+0000] {dagbag.py:588} INFO - Filling up the DagBag from /opt/airflow/dags/even_or_odd.py
[2025-03-06T20:25:59.228+0000] {processor.py:925} INFO - DAG(s) 'random_number_checker' retrieved from /opt/airflow/dags/even_or_odd.py
[2025-03-06T20:25:59.246+0000] {logging_mixin.py:190} INFO - [2025-03-06T20:25:59.245+0000] {dag.py:3239} INFO - Sync 1 DAGs
[2025-03-06T20:25:59.262+0000] {logging_mixin.py:190} INFO - [2025-03-06T20:25:59.262+0000] {dag.py:4180} INFO - Setting next_dagrun for random_number_checker to 2025-03-06 00:00:00+00:00, run_after=2025-03-07 00:00:00+00:00
[2025-03-06T20:25:59.274+0000] {processor.py:208} INFO - Processing /opt/airflow/dags/even_or_odd.py took 0.059 seconds
[2025-03-06T20:26:32.141+0000] {processor.py:186} INFO - Started process (PID=361) to work on /opt/airflow/dags/even_or_odd.py
[2025-03-06T20:26:32.141+0000] {processor.py:914} INFO - Processing file /opt/airflow/dags/even_or_odd.py for tasks to queue
[2025-03-06T20:26:32.143+0000] {logging_mixin.py:190} INFO - [2025-03-06T20:26:32.142+0000] {dagbag.py:588} INFO - Filling up the DagBag from /opt/airflow/dags/even_or_odd.py
[2025-03-06T20:26:32.150+0000] {processor.py:925} INFO - DAG(s) 'random_number_checker' retrieved from /opt/airflow/dags/even_or_odd.py
[2025-03-06T20:26:32.167+0000] {logging_mixin.py:190} INFO - [2025-03-06T20:26:32.167+0000] {dag.py:3239} INFO - Sync 1 DAGs
[2025-03-06T20:26:32.185+0000] {logging_mixin.py:190} INFO - [2025-03-06T20:26:32.185+0000] {dag.py:4180} INFO - Setting next_dagrun for random_number_checker to 2025-03-06 00:00:00+00:00, run_after=2025-03-07 00:00:00+00:00
[2025-03-06T20:26:32.196+0000] {processor.py:208} INFO - Processing /opt/airflow/dags/even_or_odd.py took 0.059 seconds
[2025-03-06T20:27:05.063+0000] {processor.py:186} INFO - Started process (PID=371) to work on /opt/airflow/dags/even_or_odd.py
[2025-03-06T20:27:05.063+0000] {processor.py:914} INFO - Processing file /opt/airflow/dags/even_or_odd.py for tasks to queue
[2025-03-06T20:27:05.065+0000] {logging_mixin.py:190} INFO - [2025-03-06T20:27:05.064+0000] {dagbag.py:588} INFO - Filling up the DagBag from /opt/airflow/dags/even_or_odd.py
[2025-03-06T20:27:05.073+0000] {processor.py:925} INFO - DAG(s) 'random_number_checker' retrieved from /opt/airflow/dags/even_or_odd.py
[2025-03-06T20:27:05.091+0000] {logging_mixin.py:190} INFO - [2025-03-06T20:27:05.091+0000] {dag.py:3239} INFO - Sync 1 DAGs
[2025-03-06T20:27:05.109+0000] {logging_mixin.py:190} INFO - [2025-03-06T20:27:05.109+0000] {dag.py:4180} INFO - Setting next_dagrun for random_number_checker to 2025-03-06 00:00:00+00:00, run_after=2025-03-07 00:00:00+00:00
[2025-03-06T20:27:05.120+0000] {processor.py:208} INFO - Processing /opt/airflow/dags/even_or_odd.py took 0.063 seconds
[2025-03-06T20:27:35.176+0000] {processor.py:186} INFO - Started process (PID=381) to work on /opt/airflow/dags/even_or_odd.py
[2025-03-06T20:27:35.176+0000] {processor.py:914} INFO - Processing file /opt/airflow/dags/even_or_odd.py for tasks to queue
[2025-03-06T20:27:35.177+0000] {logging_mixin.py:190} INFO - [2025-03-06T20:27:35.177+0000] {dagbag.py:588} INFO - Filling up the DagBag from /opt/airflow/dags/even_or_odd.py
[2025-03-06T20:27:35.184+0000] {processor.py:925} INFO - DAG(s) 'random_number_checker' retrieved from /opt/airflow/dags/even_or_odd.py
[2025-03-06T20:27:35.202+0000] {logging_mixin.py:190} INFO - [2025-03-06T20:27:35.202+0000] {dag.py:3239} INFO - Sync 1 DAGs
[2025-03-06T20:27:35.219+0000] {logging_mixin.py:190} INFO - [2025-03-06T20:27:35.219+0000] {dag.py:4180} INFO - Setting next_dagrun for random_number_checker to 2025-03-06 00:00:00+00:00, run_after=2025-03-07 00:00:00+00:00
[2025-03-06T20:27:35.230+0000] {processor.py:208} INFO - Processing /opt/airflow/dags/even_or_odd.py took 0.058 seconds
[2025-03-06T20:28:06.355+0000] {processor.py:186} INFO - Started process (PID=391) to work on /opt/airflow/dags/even_or_odd.py
[2025-03-06T20:28:06.356+0000] {processor.py:914} INFO - Processing file /opt/airflow/dags/even_or_odd.py for tasks to queue
[2025-03-06T20:28:06.358+0000] {logging_mixin.py:190} INFO - [2025-03-06T20:28:06.358+0000] {dagbag.py:588} INFO - Filling up the DagBag from /opt/airflow/dags/even_or_odd.py
[2025-03-06T20:28:06.366+0000] {processor.py:925} INFO - DAG(s) 'random_number_checker' retrieved from /opt/airflow/dags/even_or_odd.py
[2025-03-06T20:28:06.386+0000] {logging_mixin.py:190} INFO - [2025-03-06T20:28:06.386+0000] {dag.py:3239} INFO - Sync 1 DAGs
[2025-03-06T20:28:06.405+0000] {logging_mixin.py:190} INFO - [2025-03-06T20:28:06.405+0000] {dag.py:4180} INFO - Setting next_dagrun for random_number_checker to 2025-03-06 00:00:00+00:00, run_after=2025-03-07 00:00:00+00:00
[2025-03-06T20:28:06.416+0000] {processor.py:208} INFO - Processing /opt/airflow/dags/even_or_odd.py took 0.066 seconds
[2025-03-06T20:28:36.502+0000] {processor.py:186} INFO - Started process (PID=401) to work on /opt/airflow/dags/even_or_odd.py
[2025-03-06T20:28:36.503+0000] {processor.py:914} INFO - Processing file /opt/airflow/dags/even_or_odd.py for tasks to queue
[2025-03-06T20:28:36.505+0000] {logging_mixin.py:190} INFO - [2025-03-06T20:28:36.504+0000] {dagbag.py:588} INFO - Filling up the DagBag from /opt/airflow/dags/even_or_odd.py
[2025-03-06T20:28:36.512+0000] {processor.py:925} INFO - DAG(s) 'random_number_checker' retrieved from /opt/airflow/dags/even_or_odd.py
[2025-03-06T20:28:36.531+0000] {logging_mixin.py:190} INFO - [2025-03-06T20:28:36.531+0000] {dag.py:3239} INFO - Sync 1 DAGs
[2025-03-06T20:28:36.549+0000] {logging_mixin.py:190} INFO - [2025-03-06T20:28:36.549+0000] {dag.py:4180} INFO - Setting next_dagrun for random_number_checker to 2025-03-06 00:00:00+00:00, run_after=2025-03-07 00:00:00+00:00
[2025-03-06T20:28:36.560+0000] {processor.py:208} INFO - Processing /opt/airflow/dags/even_or_odd.py took 0.063 seconds
[2025-03-06T20:29:07.242+0000] {processor.py:186} INFO - Started process (PID=411) to work on /opt/airflow/dags/even_or_odd.py
[2025-03-06T20:29:07.243+0000] {processor.py:914} INFO - Processing file /opt/airflow/dags/even_or_odd.py for tasks to queue
[2025-03-06T20:29:07.244+0000] {logging_mixin.py:190} INFO - [2025-03-06T20:29:07.244+0000] {dagbag.py:588} INFO - Filling up the DagBag from /opt/airflow/dags/even_or_odd.py
[2025-03-06T20:29:07.251+0000] {processor.py:925} INFO - DAG(s) 'random_number_checker' retrieved from /opt/airflow/dags/even_or_odd.py
[2025-03-06T20:29:07.269+0000] {logging_mixin.py:190} INFO - [2025-03-06T20:29:07.269+0000] {dag.py:3239} INFO - Sync 1 DAGs
[2025-03-06T20:29:07.286+0000] {logging_mixin.py:190} INFO - [2025-03-06T20:29:07.285+0000] {dag.py:4180} INFO - Setting next_dagrun for random_number_checker to 2025-03-06 00:00:00+00:00, run_after=2025-03-07 00:00:00+00:00
[2025-03-06T20:29:07.296+0000] {processor.py:208} INFO - Processing /opt/airflow/dags/even_or_odd.py took 0.058 seconds
[2025-03-06T20:29:40.164+0000] {processor.py:186} INFO - Started process (PID=421) to work on /opt/airflow/dags/even_or_odd.py
[2025-03-06T20:29:40.165+0000] {processor.py:914} INFO - Processing file /opt/airflow/dags/even_or_odd.py for tasks to queue
[2025-03-06T20:29:40.166+0000] {logging_mixin.py:190} INFO - [2025-03-06T20:29:40.166+0000] {dagbag.py:588} INFO - Filling up the DagBag from /opt/airflow/dags/even_or_odd.py
[2025-03-06T20:29:40.172+0000] {processor.py:925} INFO - DAG(s) 'random_number_checker' retrieved from /opt/airflow/dags/even_or_odd.py
[2025-03-06T20:29:40.190+0000] {logging_mixin.py:190} INFO - [2025-03-06T20:29:40.189+0000] {dag.py:3239} INFO - Sync 1 DAGs
[2025-03-06T20:29:40.206+0000] {logging_mixin.py:190} INFO - [2025-03-06T20:29:40.206+0000] {dag.py:4180} INFO - Setting next_dagrun for random_number_checker to 2025-03-06 00:00:00+00:00, run_after=2025-03-07 00:00:00+00:00
[2025-03-06T20:29:40.217+0000] {processor.py:208} INFO - Processing /opt/airflow/dags/even_or_odd.py took 0.057 seconds
[2025-03-06T20:30:12.080+0000] {processor.py:186} INFO - Started process (PID=431) to work on /opt/airflow/dags/even_or_odd.py
[2025-03-06T20:30:12.081+0000] {processor.py:914} INFO - Processing file /opt/airflow/dags/even_or_odd.py for tasks to queue
[2025-03-06T20:30:12.082+0000] {logging_mixin.py:190} INFO - [2025-03-06T20:30:12.082+0000] {dagbag.py:588} INFO - Filling up the DagBag from /opt/airflow/dags/even_or_odd.py
[2025-03-06T20:30:12.089+0000] {processor.py:925} INFO - DAG(s) 'random_number_checker' retrieved from /opt/airflow/dags/even_or_odd.py
[2025-03-06T20:30:12.107+0000] {logging_mixin.py:190} INFO - [2025-03-06T20:30:12.107+0000] {dag.py:3239} INFO - Sync 1 DAGs
[2025-03-06T20:30:12.124+0000] {logging_mixin.py:190} INFO - [2025-03-06T20:30:12.124+0000] {dag.py:4180} INFO - Setting next_dagrun for random_number_checker to 2025-03-06 00:00:00+00:00, run_after=2025-03-07 00:00:00+00:00
[2025-03-06T20:30:12.135+0000] {processor.py:208} INFO - Processing /opt/airflow/dags/even_or_odd.py took 0.059 seconds
[2025-03-06T20:30:44.999+0000] {processor.py:186} INFO - Started process (PID=441) to work on /opt/airflow/dags/even_or_odd.py
[2025-03-06T20:30:44.999+0000] {processor.py:914} INFO - Processing file /opt/airflow/dags/even_or_odd.py for tasks to queue
[2025-03-06T20:30:45.001+0000] {logging_mixin.py:190} INFO - [2025-03-06T20:30:45.000+0000] {dagbag.py:588} INFO - Filling up the DagBag from /opt/airflow/dags/even_or_odd.py
[2025-03-06T20:30:45.008+0000] {processor.py:925} INFO - DAG(s) 'random_number_checker' retrieved from /opt/airflow/dags/even_or_odd.py
[2025-03-06T20:30:45.025+0000] {logging_mixin.py:190} INFO - [2025-03-06T20:30:45.025+0000] {dag.py:3239} INFO - Sync 1 DAGs
[2025-03-06T20:30:45.043+0000] {logging_mixin.py:190} INFO - [2025-03-06T20:30:45.042+0000] {dag.py:4180} INFO - Setting next_dagrun for random_number_checker to 2025-03-06 00:00:00+00:00, run_after=2025-03-07 00:00:00+00:00
[2025-03-06T20:30:45.053+0000] {processor.py:208} INFO - Processing /opt/airflow/dags/even_or_odd.py took 0.058 seconds
[2025-03-06T20:31:16.004+0000] {processor.py:186} INFO - Started process (PID=451) to work on /opt/airflow/dags/even_or_odd.py
[2025-03-06T20:31:16.005+0000] {processor.py:914} INFO - Processing file /opt/airflow/dags/even_or_odd.py for tasks to queue
[2025-03-06T20:31:16.006+0000] {logging_mixin.py:190} INFO - [2025-03-06T20:31:16.006+0000] {dagbag.py:588} INFO - Filling up the DagBag from /opt/airflow/dags/even_or_odd.py
[2025-03-06T20:31:16.014+0000] {processor.py:925} INFO - DAG(s) 'random_number_checker' retrieved from /opt/airflow/dags/even_or_odd.py
[2025-03-06T20:31:16.033+0000] {logging_mixin.py:190} INFO - [2025-03-06T20:31:16.033+0000] {dag.py:3239} INFO - Sync 1 DAGs
[2025-03-06T20:31:16.052+0000] {logging_mixin.py:190} INFO - [2025-03-06T20:31:16.052+0000] {dag.py:4180} INFO - Setting next_dagrun for random_number_checker to 2025-03-06 00:00:00+00:00, run_after=2025-03-07 00:00:00+00:00
[2025-03-06T20:31:16.063+0000] {processor.py:208} INFO - Processing /opt/airflow/dags/even_or_odd.py took 0.064 seconds
[2025-03-06T20:31:47.209+0000] {processor.py:186} INFO - Started process (PID=461) to work on /opt/airflow/dags/even_or_odd.py
[2025-03-06T20:31:47.209+0000] {processor.py:914} INFO - Processing file /opt/airflow/dags/even_or_odd.py for tasks to queue
[2025-03-06T20:31:47.210+0000] {logging_mixin.py:190} INFO - [2025-03-06T20:31:47.210+0000] {dagbag.py:588} INFO - Filling up the DagBag from /opt/airflow/dags/even_or_odd.py
[2025-03-06T20:31:47.217+0000] {processor.py:925} INFO - DAG(s) 'random_number_checker' retrieved from /opt/airflow/dags/even_or_odd.py
[2025-03-06T20:31:47.235+0000] {logging_mixin.py:190} INFO - [2025-03-06T20:31:47.235+0000] {dag.py:3239} INFO - Sync 1 DAGs
[2025-03-06T20:31:47.251+0000] {logging_mixin.py:190} INFO - [2025-03-06T20:31:47.251+0000] {dag.py:4180} INFO - Setting next_dagrun for random_number_checker to 2025-03-06 00:00:00+00:00, run_after=2025-03-07 00:00:00+00:00
[2025-03-06T20:31:47.262+0000] {processor.py:208} INFO - Processing /opt/airflow/dags/even_or_odd.py took 0.057 seconds
[2025-03-06T20:32:20.133+0000] {processor.py:186} INFO - Started process (PID=471) to work on /opt/airflow/dags/even_or_odd.py
[2025-03-06T20:32:20.133+0000] {processor.py:914} INFO - Processing file /opt/airflow/dags/even_or_odd.py for tasks to queue
[2025-03-06T20:32:20.135+0000] {logging_mixin.py:190} INFO - [2025-03-06T20:32:20.135+0000] {dagbag.py:588} INFO - Filling up the DagBag from /opt/airflow/dags/even_or_odd.py
[2025-03-06T20:32:20.143+0000] {processor.py:925} INFO - DAG(s) 'random_number_checker' retrieved from /opt/airflow/dags/even_or_odd.py
[2025-03-06T20:32:20.162+0000] {logging_mixin.py:190} INFO - [2025-03-06T20:32:20.162+0000] {dag.py:3239} INFO - Sync 1 DAGs
[2025-03-06T20:32:20.179+0000] {logging_mixin.py:190} INFO - [2025-03-06T20:32:20.179+0000] {dag.py:4180} INFO - Setting next_dagrun for random_number_checker to 2025-03-06 00:00:00+00:00, run_after=2025-03-07 00:00:00+00:00
[2025-03-06T20:32:20.190+0000] {processor.py:208} INFO - Processing /opt/airflow/dags/even_or_odd.py took 0.061 seconds
[2025-03-06T20:32:51.975+0000] {processor.py:186} INFO - Started process (PID=481) to work on /opt/airflow/dags/even_or_odd.py
[2025-03-06T20:32:51.976+0000] {processor.py:914} INFO - Processing file /opt/airflow/dags/even_or_odd.py for tasks to queue
[2025-03-06T20:32:51.977+0000] {logging_mixin.py:190} INFO - [2025-03-06T20:32:51.977+0000] {dagbag.py:588} INFO - Filling up the DagBag from /opt/airflow/dags/even_or_odd.py
[2025-03-06T20:32:51.984+0000] {processor.py:925} INFO - DAG(s) 'random_number_checker' retrieved from /opt/airflow/dags/even_or_odd.py
[2025-03-06T20:32:52.003+0000] {logging_mixin.py:190} INFO - [2025-03-06T20:32:52.002+0000] {dag.py:3239} INFO - Sync 1 DAGs
[2025-03-06T20:32:52.021+0000] {logging_mixin.py:190} INFO - [2025-03-06T20:32:52.021+0000] {dag.py:4180} INFO - Setting next_dagrun for random_number_checker to 2025-03-06 00:00:00+00:00, run_after=2025-03-07 00:00:00+00:00
[2025-03-06T20:32:52.033+0000] {processor.py:208} INFO - Processing /opt/airflow/dags/even_or_odd.py took 0.062 seconds
[2025-03-06T20:33:24.900+0000] {processor.py:186} INFO - Started process (PID=491) to work on /opt/airflow/dags/even_or_odd.py
[2025-03-06T20:33:24.900+0000] {processor.py:914} INFO - Processing file /opt/airflow/dags/even_or_odd.py for tasks to queue
[2025-03-06T20:33:24.901+0000] {logging_mixin.py:190} INFO - [2025-03-06T20:33:24.901+0000] {dagbag.py:588} INFO - Filling up the DagBag from /opt/airflow/dags/even_or_odd.py
[2025-03-06T20:33:24.908+0000] {processor.py:925} INFO - DAG(s) 'random_number_checker' retrieved from /opt/airflow/dags/even_or_odd.py
[2025-03-06T20:33:24.926+0000] {logging_mixin.py:190} INFO - [2025-03-06T20:33:24.926+0000] {dag.py:3239} INFO - Sync 1 DAGs
[2025-03-06T20:33:24.944+0000] {logging_mixin.py:190} INFO - [2025-03-06T20:33:24.944+0000] {dag.py:4180} INFO - Setting next_dagrun for random_number_checker to 2025-03-06 00:00:00+00:00, run_after=2025-03-07 00:00:00+00:00
[2025-03-06T20:33:24.959+0000] {processor.py:208} INFO - Processing /opt/airflow/dags/even_or_odd.py took 0.063 seconds
[2025-03-06T20:33:57.825+0000] {processor.py:186} INFO - Started process (PID=501) to work on /opt/airflow/dags/even_or_odd.py
[2025-03-06T20:33:57.826+0000] {processor.py:914} INFO - Processing file /opt/airflow/dags/even_or_odd.py for tasks to queue
[2025-03-06T20:33:57.828+0000] {logging_mixin.py:190} INFO - [2025-03-06T20:33:57.827+0000] {dagbag.py:588} INFO - Filling up the DagBag from /opt/airflow/dags/even_or_odd.py
[2025-03-06T20:33:57.836+0000] {processor.py:925} INFO - DAG(s) 'random_number_checker' retrieved from /opt/airflow/dags/even_or_odd.py
[2025-03-06T20:33:57.858+0000] {logging_mixin.py:190} INFO - [2025-03-06T20:33:57.857+0000] {dag.py:3239} INFO - Sync 1 DAGs
[2025-03-06T20:33:57.877+0000] {logging_mixin.py:190} INFO - [2025-03-06T20:33:57.877+0000] {dag.py:4180} INFO - Setting next_dagrun for random_number_checker to 2025-03-06 00:00:00+00:00, run_after=2025-03-07 00:00:00+00:00
[2025-03-06T20:33:57.890+0000] {processor.py:208} INFO - Processing /opt/airflow/dags/even_or_odd.py took 0.069 seconds
[2025-03-06T20:34:30.676+0000] {processor.py:186} INFO - Started process (PID=511) to work on /opt/airflow/dags/even_or_odd.py
[2025-03-06T20:34:30.677+0000] {processor.py:914} INFO - Processing file /opt/airflow/dags/even_or_odd.py for tasks to queue
[2025-03-06T20:34:30.678+0000] {logging_mixin.py:190} INFO - [2025-03-06T20:34:30.678+0000] {dagbag.py:588} INFO - Filling up the DagBag from /opt/airflow/dags/even_or_odd.py
[2025-03-06T20:34:30.687+0000] {processor.py:925} INFO - DAG(s) 'random_number_checker' retrieved from /opt/airflow/dags/even_or_odd.py
[2025-03-06T20:34:30.708+0000] {logging_mixin.py:190} INFO - [2025-03-06T20:34:30.708+0000] {dag.py:3239} INFO - Sync 1 DAGs
[2025-03-06T20:34:30.726+0000] {logging_mixin.py:190} INFO - [2025-03-06T20:34:30.726+0000] {dag.py:4180} INFO - Setting next_dagrun for random_number_checker to 2025-03-06 00:00:00+00:00, run_after=2025-03-07 00:00:00+00:00
[2025-03-06T20:34:30.736+0000] {processor.py:208} INFO - Processing /opt/airflow/dags/even_or_odd.py took 0.065 seconds
[2025-03-06T20:35:01.681+0000] {processor.py:186} INFO - Started process (PID=521) to work on /opt/airflow/dags/even_or_odd.py
[2025-03-06T20:35:01.682+0000] {processor.py:914} INFO - Processing file /opt/airflow/dags/even_or_odd.py for tasks to queue
[2025-03-06T20:35:01.684+0000] {logging_mixin.py:190} INFO - [2025-03-06T20:35:01.683+0000] {dagbag.py:588} INFO - Filling up the DagBag from /opt/airflow/dags/even_or_odd.py
[2025-03-06T20:35:01.692+0000] {processor.py:925} INFO - DAG(s) 'random_number_checker' retrieved from /opt/airflow/dags/even_or_odd.py
[2025-03-06T20:35:01.712+0000] {logging_mixin.py:190} INFO - [2025-03-06T20:35:01.712+0000] {dag.py:3239} INFO - Sync 1 DAGs
[2025-03-06T20:35:01.731+0000] {logging_mixin.py:190} INFO - [2025-03-06T20:35:01.730+0000] {dag.py:4180} INFO - Setting next_dagrun for random_number_checker to 2025-03-06 00:00:00+00:00, run_after=2025-03-07 00:00:00+00:00
[2025-03-06T20:35:01.742+0000] {processor.py:208} INFO - Processing /opt/airflow/dags/even_or_odd.py took 0.065 seconds
[2025-03-06T20:35:32.001+0000] {processor.py:186} INFO - Started process (PID=531) to work on /opt/airflow/dags/even_or_odd.py
[2025-03-06T20:35:32.002+0000] {processor.py:914} INFO - Processing file /opt/airflow/dags/even_or_odd.py for tasks to queue
[2025-03-06T20:35:32.003+0000] {logging_mixin.py:190} INFO - [2025-03-06T20:35:32.003+0000] {dagbag.py:588} INFO - Filling up the DagBag from /opt/airflow/dags/even_or_odd.py
[2025-03-06T20:35:32.010+0000] {processor.py:925} INFO - DAG(s) 'random_number_checker' retrieved from /opt/airflow/dags/even_or_odd.py
[2025-03-06T20:35:32.028+0000] {logging_mixin.py:190} INFO - [2025-03-06T20:35:32.028+0000] {dag.py:3239} INFO - Sync 1 DAGs
[2025-03-06T20:35:32.046+0000] {logging_mixin.py:190} INFO - [2025-03-06T20:35:32.045+0000] {dag.py:4180} INFO - Setting next_dagrun for random_number_checker to 2025-03-06 00:00:00+00:00, run_after=2025-03-07 00:00:00+00:00
[2025-03-06T20:35:32.056+0000] {processor.py:208} INFO - Processing /opt/airflow/dags/even_or_odd.py took 0.059 seconds
[2025-03-06T20:36:03.919+0000] {processor.py:186} INFO - Started process (PID=541) to work on /opt/airflow/dags/even_or_odd.py
[2025-03-06T20:36:03.920+0000] {processor.py:914} INFO - Processing file /opt/airflow/dags/even_or_odd.py for tasks to queue
[2025-03-06T20:36:03.922+0000] {logging_mixin.py:190} INFO - [2025-03-06T20:36:03.922+0000] {dagbag.py:588} INFO - Filling up the DagBag from /opt/airflow/dags/even_or_odd.py
[2025-03-06T20:36:03.929+0000] {processor.py:925} INFO - DAG(s) 'random_number_checker' retrieved from /opt/airflow/dags/even_or_odd.py
[2025-03-06T20:36:03.947+0000] {logging_mixin.py:190} INFO - [2025-03-06T20:36:03.947+0000] {dag.py:3239} INFO - Sync 1 DAGs
[2025-03-06T20:36:03.964+0000] {logging_mixin.py:190} INFO - [2025-03-06T20:36:03.964+0000] {dag.py:4180} INFO - Setting next_dagrun for random_number_checker to 2025-03-06 00:00:00+00:00, run_after=2025-03-07 00:00:00+00:00
[2025-03-06T20:36:03.976+0000] {processor.py:208} INFO - Processing /opt/airflow/dags/even_or_odd.py took 0.060 seconds
