[2025-03-06T20:17:04.573+0000] {processor.py:186} INFO - Started process (PID=178) to work on /opt/airflow/dags/stock_market.py
[2025-03-06T20:17:04.574+0000] {processor.py:914} INFO - Processing file /opt/airflow/dags/stock_market.py for tasks to queue
[2025-03-06T20:17:04.576+0000] {logging_mixin.py:190} INFO - [2025-03-06T20:17:04.576+0000] {dagbag.py:588} INFO - Filling up the DagBag from /opt/airflow/dags/stock_market.py
[2025-03-06T20:17:04.586+0000] {processor.py:925} INFO - DAG(s) 'stock_market' retrieved from /opt/airflow/dags/stock_market.py
[2025-03-06T20:17:04.608+0000] {logging_mixin.py:190} INFO - [2025-03-06T20:17:04.608+0000] {dag.py:3239} INFO - Sync 1 DAGs
[2025-03-06T20:17:04.639+0000] {logging_mixin.py:190} INFO - [2025-03-06T20:17:04.639+0000] {dag.py:4180} INFO - Setting next_dagrun for stock_market to 2025-03-05 00:00:00+00:00, run_after=2025-03-06 00:00:00+00:00
[2025-03-06T20:17:04.667+0000] {processor.py:208} INFO - Processing /opt/airflow/dags/stock_market.py took 0.101 seconds
[2025-03-06T20:17:35.663+0000] {processor.py:186} INFO - Started process (PID=188) to work on /opt/airflow/dags/stock_market.py
[2025-03-06T20:17:35.664+0000] {processor.py:914} INFO - Processing file /opt/airflow/dags/stock_market.py for tasks to queue
[2025-03-06T20:17:35.665+0000] {logging_mixin.py:190} INFO - [2025-03-06T20:17:35.665+0000] {dagbag.py:588} INFO - Filling up the DagBag from /opt/airflow/dags/stock_market.py
[2025-03-06T20:17:35.670+0000] {processor.py:925} INFO - DAG(s) 'stock_market' retrieved from /opt/airflow/dags/stock_market.py
[2025-03-06T20:17:35.682+0000] {logging_mixin.py:190} INFO - [2025-03-06T20:17:35.681+0000] {dag.py:3239} INFO - Sync 1 DAGs
[2025-03-06T20:17:35.699+0000] {logging_mixin.py:190} INFO - [2025-03-06T20:17:35.699+0000] {dag.py:4180} INFO - Setting next_dagrun for stock_market to 2025-03-05 00:00:00+00:00, run_after=2025-03-06 00:00:00+00:00
[2025-03-06T20:17:35.711+0000] {processor.py:208} INFO - Processing /opt/airflow/dags/stock_market.py took 0.052 seconds
[2025-03-06T20:18:06.568+0000] {processor.py:186} INFO - Started process (PID=198) to work on /opt/airflow/dags/stock_market.py
[2025-03-06T20:18:06.568+0000] {processor.py:914} INFO - Processing file /opt/airflow/dags/stock_market.py for tasks to queue
[2025-03-06T20:18:06.570+0000] {logging_mixin.py:190} INFO - [2025-03-06T20:18:06.570+0000] {dagbag.py:588} INFO - Filling up the DagBag from /opt/airflow/dags/stock_market.py
[2025-03-06T20:18:06.577+0000] {processor.py:925} INFO - DAG(s) 'stock_market' retrieved from /opt/airflow/dags/stock_market.py
[2025-03-06T20:18:06.590+0000] {logging_mixin.py:190} INFO - [2025-03-06T20:18:06.590+0000] {dag.py:3239} INFO - Sync 1 DAGs
[2025-03-06T20:18:06.608+0000] {logging_mixin.py:190} INFO - [2025-03-06T20:18:06.608+0000] {dag.py:4180} INFO - Setting next_dagrun for stock_market to 2025-03-05 00:00:00+00:00, run_after=2025-03-06 00:00:00+00:00
[2025-03-06T20:18:06.620+0000] {processor.py:208} INFO - Processing /opt/airflow/dags/stock_market.py took 0.057 seconds
[2025-03-06T20:18:37.478+0000] {processor.py:186} INFO - Started process (PID=214) to work on /opt/airflow/dags/stock_market.py
[2025-03-06T20:18:37.478+0000] {processor.py:914} INFO - Processing file /opt/airflow/dags/stock_market.py for tasks to queue
[2025-03-06T20:18:37.479+0000] {logging_mixin.py:190} INFO - [2025-03-06T20:18:37.479+0000] {dagbag.py:588} INFO - Filling up the DagBag from /opt/airflow/dags/stock_market.py
[2025-03-06T20:18:37.485+0000] {processor.py:925} INFO - DAG(s) 'stock_market' retrieved from /opt/airflow/dags/stock_market.py
[2025-03-06T20:18:37.495+0000] {logging_mixin.py:190} INFO - [2025-03-06T20:18:37.495+0000] {dag.py:3239} INFO - Sync 1 DAGs
[2025-03-06T20:18:37.512+0000] {logging_mixin.py:190} INFO - [2025-03-06T20:18:37.512+0000] {dag.py:4180} INFO - Setting next_dagrun for stock_market to 2025-03-05 00:00:00+00:00, run_after=2025-03-06 00:00:00+00:00
[2025-03-06T20:18:37.524+0000] {processor.py:208} INFO - Processing /opt/airflow/dags/stock_market.py took 0.050 seconds
[2025-03-06T20:19:08.387+0000] {processor.py:186} INFO - Started process (PID=224) to work on /opt/airflow/dags/stock_market.py
[2025-03-06T20:19:08.387+0000] {processor.py:914} INFO - Processing file /opt/airflow/dags/stock_market.py for tasks to queue
[2025-03-06T20:19:08.388+0000] {logging_mixin.py:190} INFO - [2025-03-06T20:19:08.388+0000] {dagbag.py:588} INFO - Filling up the DagBag from /opt/airflow/dags/stock_market.py
[2025-03-06T20:19:08.394+0000] {processor.py:925} INFO - DAG(s) 'stock_market' retrieved from /opt/airflow/dags/stock_market.py
[2025-03-06T20:19:08.405+0000] {logging_mixin.py:190} INFO - [2025-03-06T20:19:08.405+0000] {dag.py:3239} INFO - Sync 1 DAGs
[2025-03-06T20:19:08.422+0000] {logging_mixin.py:190} INFO - [2025-03-06T20:19:08.422+0000] {dag.py:4180} INFO - Setting next_dagrun for stock_market to 2025-03-05 00:00:00+00:00, run_after=2025-03-06 00:00:00+00:00
[2025-03-06T20:19:08.433+0000] {processor.py:208} INFO - Processing /opt/airflow/dags/stock_market.py took 0.051 seconds
[2025-03-06T20:19:38.740+0000] {processor.py:186} INFO - Started process (PID=234) to work on /opt/airflow/dags/stock_market.py
[2025-03-06T20:19:38.740+0000] {processor.py:914} INFO - Processing file /opt/airflow/dags/stock_market.py for tasks to queue
[2025-03-06T20:19:38.742+0000] {logging_mixin.py:190} INFO - [2025-03-06T20:19:38.741+0000] {dagbag.py:588} INFO - Filling up the DagBag from /opt/airflow/dags/stock_market.py
[2025-03-06T20:19:38.747+0000] {processor.py:925} INFO - DAG(s) 'stock_market' retrieved from /opt/airflow/dags/stock_market.py
[2025-03-06T20:19:38.760+0000] {logging_mixin.py:190} INFO - [2025-03-06T20:19:38.760+0000] {dag.py:3239} INFO - Sync 1 DAGs
[2025-03-06T20:19:38.779+0000] {logging_mixin.py:190} INFO - [2025-03-06T20:19:38.779+0000] {dag.py:4180} INFO - Setting next_dagrun for stock_market to 2025-03-05 00:00:00+00:00, run_after=2025-03-06 00:00:00+00:00
[2025-03-06T20:19:38.791+0000] {processor.py:208} INFO - Processing /opt/airflow/dags/stock_market.py took 0.055 seconds
[2025-03-06T20:20:08.861+0000] {processor.py:186} INFO - Started process (PID=244) to work on /opt/airflow/dags/stock_market.py
[2025-03-06T20:20:08.862+0000] {processor.py:914} INFO - Processing file /opt/airflow/dags/stock_market.py for tasks to queue
[2025-03-06T20:20:08.863+0000] {logging_mixin.py:190} INFO - [2025-03-06T20:20:08.863+0000] {dagbag.py:588} INFO - Filling up the DagBag from /opt/airflow/dags/stock_market.py
[2025-03-06T20:20:08.870+0000] {processor.py:925} INFO - DAG(s) 'stock_market' retrieved from /opt/airflow/dags/stock_market.py
[2025-03-06T20:20:08.881+0000] {logging_mixin.py:190} INFO - [2025-03-06T20:20:08.881+0000] {dag.py:3239} INFO - Sync 1 DAGs
[2025-03-06T20:20:08.900+0000] {logging_mixin.py:190} INFO - [2025-03-06T20:20:08.900+0000] {dag.py:4180} INFO - Setting next_dagrun for stock_market to 2025-03-05 00:00:00+00:00, run_after=2025-03-06 00:00:00+00:00
[2025-03-06T20:20:08.914+0000] {processor.py:208} INFO - Processing /opt/airflow/dags/stock_market.py took 0.057 seconds
[2025-03-06T20:20:39.790+0000] {processor.py:186} INFO - Started process (PID=254) to work on /opt/airflow/dags/stock_market.py
[2025-03-06T20:20:39.790+0000] {processor.py:914} INFO - Processing file /opt/airflow/dags/stock_market.py for tasks to queue
[2025-03-06T20:20:39.792+0000] {logging_mixin.py:190} INFO - [2025-03-06T20:20:39.791+0000] {dagbag.py:588} INFO - Filling up the DagBag from /opt/airflow/dags/stock_market.py
[2025-03-06T20:20:39.797+0000] {processor.py:925} INFO - DAG(s) 'stock_market' retrieved from /opt/airflow/dags/stock_market.py
[2025-03-06T20:20:39.807+0000] {logging_mixin.py:190} INFO - [2025-03-06T20:20:39.807+0000] {dag.py:3239} INFO - Sync 1 DAGs
[2025-03-06T20:20:39.824+0000] {logging_mixin.py:190} INFO - [2025-03-06T20:20:39.824+0000] {dag.py:4180} INFO - Setting next_dagrun for stock_market to 2025-03-05 00:00:00+00:00, run_after=2025-03-06 00:00:00+00:00
[2025-03-06T20:20:39.835+0000] {processor.py:208} INFO - Processing /opt/airflow/dags/stock_market.py took 0.049 seconds
[2025-03-06T20:21:11.710+0000] {processor.py:186} INFO - Started process (PID=264) to work on /opt/airflow/dags/stock_market.py
[2025-03-06T20:21:11.710+0000] {processor.py:914} INFO - Processing file /opt/airflow/dags/stock_market.py for tasks to queue
[2025-03-06T20:21:11.712+0000] {logging_mixin.py:190} INFO - [2025-03-06T20:21:11.712+0000] {dagbag.py:588} INFO - Filling up the DagBag from /opt/airflow/dags/stock_market.py
[2025-03-06T20:21:11.717+0000] {processor.py:925} INFO - DAG(s) 'stock_market' retrieved from /opt/airflow/dags/stock_market.py
[2025-03-06T20:21:11.728+0000] {logging_mixin.py:190} INFO - [2025-03-06T20:21:11.728+0000] {dag.py:3239} INFO - Sync 1 DAGs
[2025-03-06T20:21:11.746+0000] {logging_mixin.py:190} INFO - [2025-03-06T20:21:11.746+0000] {dag.py:4180} INFO - Setting next_dagrun for stock_market to 2025-03-05 00:00:00+00:00, run_after=2025-03-06 00:00:00+00:00
[2025-03-06T20:21:11.757+0000] {processor.py:208} INFO - Processing /opt/airflow/dags/stock_market.py took 0.052 seconds
[2025-03-06T20:21:43.627+0000] {processor.py:186} INFO - Started process (PID=274) to work on /opt/airflow/dags/stock_market.py
[2025-03-06T20:21:43.628+0000] {processor.py:914} INFO - Processing file /opt/airflow/dags/stock_market.py for tasks to queue
[2025-03-06T20:21:43.629+0000] {logging_mixin.py:190} INFO - [2025-03-06T20:21:43.629+0000] {dagbag.py:588} INFO - Filling up the DagBag from /opt/airflow/dags/stock_market.py
[2025-03-06T20:21:43.634+0000] {processor.py:925} INFO - DAG(s) 'stock_market' retrieved from /opt/airflow/dags/stock_market.py
[2025-03-06T20:21:43.646+0000] {logging_mixin.py:190} INFO - [2025-03-06T20:21:43.646+0000] {dag.py:3239} INFO - Sync 1 DAGs
[2025-03-06T20:21:43.665+0000] {logging_mixin.py:190} INFO - [2025-03-06T20:21:43.665+0000] {dag.py:4180} INFO - Setting next_dagrun for stock_market to 2025-03-05 00:00:00+00:00, run_after=2025-03-06 00:00:00+00:00
[2025-03-06T20:21:43.677+0000] {processor.py:208} INFO - Processing /opt/airflow/dags/stock_market.py took 0.054 seconds
[2025-03-06T20:22:16.549+0000] {processor.py:186} INFO - Started process (PID=284) to work on /opt/airflow/dags/stock_market.py
[2025-03-06T20:22:16.549+0000] {processor.py:914} INFO - Processing file /opt/airflow/dags/stock_market.py for tasks to queue
[2025-03-06T20:22:16.550+0000] {logging_mixin.py:190} INFO - [2025-03-06T20:22:16.550+0000] {dagbag.py:588} INFO - Filling up the DagBag from /opt/airflow/dags/stock_market.py
[2025-03-06T20:22:16.555+0000] {processor.py:925} INFO - DAG(s) 'stock_market' retrieved from /opt/airflow/dags/stock_market.py
[2025-03-06T20:22:16.566+0000] {logging_mixin.py:190} INFO - [2025-03-06T20:22:16.565+0000] {dag.py:3239} INFO - Sync 1 DAGs
[2025-03-06T20:22:16.583+0000] {logging_mixin.py:190} INFO - [2025-03-06T20:22:16.583+0000] {dag.py:4180} INFO - Setting next_dagrun for stock_market to 2025-03-05 00:00:00+00:00, run_after=2025-03-06 00:00:00+00:00
[2025-03-06T20:22:16.594+0000] {processor.py:208} INFO - Processing /opt/airflow/dags/stock_market.py took 0.049 seconds
[2025-03-06T20:22:49.465+0000] {processor.py:186} INFO - Started process (PID=294) to work on /opt/airflow/dags/stock_market.py
[2025-03-06T20:22:49.466+0000] {processor.py:914} INFO - Processing file /opt/airflow/dags/stock_market.py for tasks to queue
[2025-03-06T20:22:49.467+0000] {logging_mixin.py:190} INFO - [2025-03-06T20:22:49.467+0000] {dagbag.py:588} INFO - Filling up the DagBag from /opt/airflow/dags/stock_market.py
[2025-03-06T20:22:49.473+0000] {processor.py:925} INFO - DAG(s) 'stock_market' retrieved from /opt/airflow/dags/stock_market.py
[2025-03-06T20:22:49.484+0000] {logging_mixin.py:190} INFO - [2025-03-06T20:22:49.484+0000] {dag.py:3239} INFO - Sync 1 DAGs
[2025-03-06T20:22:49.503+0000] {logging_mixin.py:190} INFO - [2025-03-06T20:22:49.502+0000] {dag.py:4180} INFO - Setting next_dagrun for stock_market to 2025-03-05 00:00:00+00:00, run_after=2025-03-06 00:00:00+00:00
[2025-03-06T20:22:49.516+0000] {processor.py:208} INFO - Processing /opt/airflow/dags/stock_market.py took 0.054 seconds
[2025-03-06T20:23:20.476+0000] {processor.py:186} INFO - Started process (PID=304) to work on /opt/airflow/dags/stock_market.py
[2025-03-06T20:23:20.477+0000] {processor.py:914} INFO - Processing file /opt/airflow/dags/stock_market.py for tasks to queue
[2025-03-06T20:23:20.478+0000] {logging_mixin.py:190} INFO - [2025-03-06T20:23:20.478+0000] {dagbag.py:588} INFO - Filling up the DagBag from /opt/airflow/dags/stock_market.py
[2025-03-06T20:23:20.484+0000] {processor.py:925} INFO - DAG(s) 'stock_market' retrieved from /opt/airflow/dags/stock_market.py
[2025-03-06T20:23:20.496+0000] {logging_mixin.py:190} INFO - [2025-03-06T20:23:20.496+0000] {dag.py:3239} INFO - Sync 1 DAGs
[2025-03-06T20:23:20.516+0000] {logging_mixin.py:190} INFO - [2025-03-06T20:23:20.516+0000] {dag.py:4180} INFO - Setting next_dagrun for stock_market to 2025-03-05 00:00:00+00:00, run_after=2025-03-06 00:00:00+00:00
[2025-03-06T20:23:20.528+0000] {processor.py:208} INFO - Processing /opt/airflow/dags/stock_market.py took 0.056 seconds
[2025-03-06T20:23:50.712+0000] {processor.py:186} INFO - Started process (PID=314) to work on /opt/airflow/dags/stock_market.py
[2025-03-06T20:23:50.712+0000] {processor.py:914} INFO - Processing file /opt/airflow/dags/stock_market.py for tasks to queue
[2025-03-06T20:23:50.714+0000] {logging_mixin.py:190} INFO - [2025-03-06T20:23:50.714+0000] {dagbag.py:588} INFO - Filling up the DagBag from /opt/airflow/dags/stock_market.py
[2025-03-06T20:23:50.720+0000] {processor.py:925} INFO - DAG(s) 'stock_market' retrieved from /opt/airflow/dags/stock_market.py
[2025-03-06T20:23:50.732+0000] {logging_mixin.py:190} INFO - [2025-03-06T20:23:50.732+0000] {dag.py:3239} INFO - Sync 1 DAGs
[2025-03-06T20:23:50.751+0000] {logging_mixin.py:190} INFO - [2025-03-06T20:23:50.751+0000] {dag.py:4180} INFO - Setting next_dagrun for stock_market to 2025-03-05 00:00:00+00:00, run_after=2025-03-06 00:00:00+00:00
[2025-03-06T20:23:50.763+0000] {processor.py:208} INFO - Processing /opt/airflow/dags/stock_market.py took 0.055 seconds
[2025-03-06T20:24:21.481+0000] {processor.py:186} INFO - Started process (PID=324) to work on /opt/airflow/dags/stock_market.py
[2025-03-06T20:24:21.482+0000] {processor.py:914} INFO - Processing file /opt/airflow/dags/stock_market.py for tasks to queue
[2025-03-06T20:24:21.483+0000] {logging_mixin.py:190} INFO - [2025-03-06T20:24:21.483+0000] {dagbag.py:588} INFO - Filling up the DagBag from /opt/airflow/dags/stock_market.py
[2025-03-06T20:24:21.488+0000] {processor.py:925} INFO - DAG(s) 'stock_market' retrieved from /opt/airflow/dags/stock_market.py
[2025-03-06T20:24:21.499+0000] {logging_mixin.py:190} INFO - [2025-03-06T20:24:21.499+0000] {dag.py:3239} INFO - Sync 1 DAGs
[2025-03-06T20:24:21.516+0000] {logging_mixin.py:190} INFO - [2025-03-06T20:24:21.516+0000] {dag.py:4180} INFO - Setting next_dagrun for stock_market to 2025-03-05 00:00:00+00:00, run_after=2025-03-06 00:00:00+00:00
[2025-03-06T20:24:21.528+0000] {processor.py:208} INFO - Processing /opt/airflow/dags/stock_market.py took 0.050 seconds
[2025-03-06T20:24:53.395+0000] {processor.py:186} INFO - Started process (PID=334) to work on /opt/airflow/dags/stock_market.py
[2025-03-06T20:24:53.396+0000] {processor.py:914} INFO - Processing file /opt/airflow/dags/stock_market.py for tasks to queue
[2025-03-06T20:24:53.397+0000] {logging_mixin.py:190} INFO - [2025-03-06T20:24:53.397+0000] {dagbag.py:588} INFO - Filling up the DagBag from /opt/airflow/dags/stock_market.py
[2025-03-06T20:24:53.402+0000] {processor.py:925} INFO - DAG(s) 'stock_market' retrieved from /opt/airflow/dags/stock_market.py
[2025-03-06T20:24:53.413+0000] {logging_mixin.py:190} INFO - [2025-03-06T20:24:53.413+0000] {dag.py:3239} INFO - Sync 1 DAGs
[2025-03-06T20:24:53.430+0000] {logging_mixin.py:190} INFO - [2025-03-06T20:24:53.430+0000] {dag.py:4180} INFO - Setting next_dagrun for stock_market to 2025-03-05 00:00:00+00:00, run_after=2025-03-06 00:00:00+00:00
[2025-03-06T20:24:53.441+0000] {processor.py:208} INFO - Processing /opt/airflow/dags/stock_market.py took 0.049 seconds
[2025-03-06T20:25:26.312+0000] {processor.py:186} INFO - Started process (PID=344) to work on /opt/airflow/dags/stock_market.py
[2025-03-06T20:25:26.313+0000] {processor.py:914} INFO - Processing file /opt/airflow/dags/stock_market.py for tasks to queue
[2025-03-06T20:25:26.314+0000] {logging_mixin.py:190} INFO - [2025-03-06T20:25:26.314+0000] {dagbag.py:588} INFO - Filling up the DagBag from /opt/airflow/dags/stock_market.py
[2025-03-06T20:25:26.319+0000] {processor.py:925} INFO - DAG(s) 'stock_market' retrieved from /opt/airflow/dags/stock_market.py
[2025-03-06T20:25:26.330+0000] {logging_mixin.py:190} INFO - [2025-03-06T20:25:26.329+0000] {dag.py:3239} INFO - Sync 1 DAGs
[2025-03-06T20:25:26.347+0000] {logging_mixin.py:190} INFO - [2025-03-06T20:25:26.346+0000] {dag.py:4180} INFO - Setting next_dagrun for stock_market to 2025-03-05 00:00:00+00:00, run_after=2025-03-06 00:00:00+00:00
[2025-03-06T20:25:26.357+0000] {processor.py:208} INFO - Processing /opt/airflow/dags/stock_market.py took 0.049 seconds
[2025-03-06T20:25:59.222+0000] {processor.py:186} INFO - Started process (PID=354) to work on /opt/airflow/dags/stock_market.py
[2025-03-06T20:25:59.222+0000] {processor.py:914} INFO - Processing file /opt/airflow/dags/stock_market.py for tasks to queue
[2025-03-06T20:25:59.224+0000] {logging_mixin.py:190} INFO - [2025-03-06T20:25:59.224+0000] {dagbag.py:588} INFO - Filling up the DagBag from /opt/airflow/dags/stock_market.py
[2025-03-06T20:25:59.229+0000] {processor.py:925} INFO - DAG(s) 'stock_market' retrieved from /opt/airflow/dags/stock_market.py
[2025-03-06T20:25:59.240+0000] {logging_mixin.py:190} INFO - [2025-03-06T20:25:59.240+0000] {dag.py:3239} INFO - Sync 1 DAGs
[2025-03-06T20:25:59.257+0000] {logging_mixin.py:190} INFO - [2025-03-06T20:25:59.257+0000] {dag.py:4180} INFO - Setting next_dagrun for stock_market to 2025-03-05 00:00:00+00:00, run_after=2025-03-06 00:00:00+00:00
[2025-03-06T20:25:59.268+0000] {processor.py:208} INFO - Processing /opt/airflow/dags/stock_market.py took 0.050 seconds
[2025-03-06T20:26:32.144+0000] {processor.py:186} INFO - Started process (PID=364) to work on /opt/airflow/dags/stock_market.py
[2025-03-06T20:26:32.144+0000] {processor.py:914} INFO - Processing file /opt/airflow/dags/stock_market.py for tasks to queue
[2025-03-06T20:26:32.146+0000] {logging_mixin.py:190} INFO - [2025-03-06T20:26:32.145+0000] {dagbag.py:588} INFO - Filling up the DagBag from /opt/airflow/dags/stock_market.py
[2025-03-06T20:26:32.151+0000] {processor.py:925} INFO - DAG(s) 'stock_market' retrieved from /opt/airflow/dags/stock_market.py
[2025-03-06T20:26:32.161+0000] {logging_mixin.py:190} INFO - [2025-03-06T20:26:32.161+0000] {dag.py:3239} INFO - Sync 1 DAGs
[2025-03-06T20:26:32.179+0000] {logging_mixin.py:190} INFO - [2025-03-06T20:26:32.179+0000] {dag.py:4180} INFO - Setting next_dagrun for stock_market to 2025-03-05 00:00:00+00:00, run_after=2025-03-06 00:00:00+00:00
[2025-03-06T20:26:32.191+0000] {processor.py:208} INFO - Processing /opt/airflow/dags/stock_market.py took 0.050 seconds
[2025-03-06T20:27:05.067+0000] {processor.py:186} INFO - Started process (PID=374) to work on /opt/airflow/dags/stock_market.py
[2025-03-06T20:27:05.067+0000] {processor.py:914} INFO - Processing file /opt/airflow/dags/stock_market.py for tasks to queue
[2025-03-06T20:27:05.069+0000] {logging_mixin.py:190} INFO - [2025-03-06T20:27:05.069+0000] {dagbag.py:588} INFO - Filling up the DagBag from /opt/airflow/dags/stock_market.py
[2025-03-06T20:27:05.075+0000] {processor.py:925} INFO - DAG(s) 'stock_market' retrieved from /opt/airflow/dags/stock_market.py
[2025-03-06T20:27:05.086+0000] {logging_mixin.py:190} INFO - [2025-03-06T20:27:05.086+0000] {dag.py:3239} INFO - Sync 1 DAGs
[2025-03-06T20:27:05.104+0000] {logging_mixin.py:190} INFO - [2025-03-06T20:27:05.104+0000] {dag.py:4180} INFO - Setting next_dagrun for stock_market to 2025-03-05 00:00:00+00:00, run_after=2025-03-06 00:00:00+00:00
[2025-03-06T20:27:05.116+0000] {processor.py:208} INFO - Processing /opt/airflow/dags/stock_market.py took 0.053 seconds
[2025-03-06T20:27:35.178+0000] {processor.py:186} INFO - Started process (PID=384) to work on /opt/airflow/dags/stock_market.py
[2025-03-06T20:27:35.178+0000] {processor.py:914} INFO - Processing file /opt/airflow/dags/stock_market.py for tasks to queue
[2025-03-06T20:27:35.179+0000] {logging_mixin.py:190} INFO - [2025-03-06T20:27:35.179+0000] {dagbag.py:588} INFO - Filling up the DagBag from /opt/airflow/dags/stock_market.py
[2025-03-06T20:27:35.185+0000] {processor.py:925} INFO - DAG(s) 'stock_market' retrieved from /opt/airflow/dags/stock_market.py
[2025-03-06T20:27:35.197+0000] {logging_mixin.py:190} INFO - [2025-03-06T20:27:35.197+0000] {dag.py:3239} INFO - Sync 1 DAGs
[2025-03-06T20:27:35.213+0000] {logging_mixin.py:190} INFO - [2025-03-06T20:27:35.213+0000] {dag.py:4180} INFO - Setting next_dagrun for stock_market to 2025-03-05 00:00:00+00:00, run_after=2025-03-06 00:00:00+00:00
[2025-03-06T20:27:35.225+0000] {processor.py:208} INFO - Processing /opt/airflow/dags/stock_market.py took 0.051 seconds
[2025-03-06T20:28:06.361+0000] {processor.py:186} INFO - Started process (PID=394) to work on /opt/airflow/dags/stock_market.py
[2025-03-06T20:28:06.362+0000] {processor.py:914} INFO - Processing file /opt/airflow/dags/stock_market.py for tasks to queue
[2025-03-06T20:28:06.364+0000] {logging_mixin.py:190} INFO - [2025-03-06T20:28:06.364+0000] {dagbag.py:588} INFO - Filling up the DagBag from /opt/airflow/dags/stock_market.py
[2025-03-06T20:28:06.370+0000] {processor.py:925} INFO - DAG(s) 'stock_market' retrieved from /opt/airflow/dags/stock_market.py
[2025-03-06T20:28:06.382+0000] {logging_mixin.py:190} INFO - [2025-03-06T20:28:06.382+0000] {dag.py:3239} INFO - Sync 1 DAGs
[2025-03-06T20:28:06.401+0000] {logging_mixin.py:190} INFO - [2025-03-06T20:28:06.401+0000] {dag.py:4180} INFO - Setting next_dagrun for stock_market to 2025-03-05 00:00:00+00:00, run_after=2025-03-06 00:00:00+00:00
[2025-03-06T20:28:06.413+0000] {processor.py:208} INFO - Processing /opt/airflow/dags/stock_market.py took 0.056 seconds
[2025-03-06T20:28:36.505+0000] {processor.py:186} INFO - Started process (PID=404) to work on /opt/airflow/dags/stock_market.py
[2025-03-06T20:28:36.506+0000] {processor.py:914} INFO - Processing file /opt/airflow/dags/stock_market.py for tasks to queue
[2025-03-06T20:28:36.508+0000] {logging_mixin.py:190} INFO - [2025-03-06T20:28:36.507+0000] {dagbag.py:588} INFO - Filling up the DagBag from /opt/airflow/dags/stock_market.py
[2025-03-06T20:28:36.513+0000] {processor.py:925} INFO - DAG(s) 'stock_market' retrieved from /opt/airflow/dags/stock_market.py
[2025-03-06T20:28:36.525+0000] {logging_mixin.py:190} INFO - [2025-03-06T20:28:36.525+0000] {dag.py:3239} INFO - Sync 1 DAGs
[2025-03-06T20:28:36.543+0000] {logging_mixin.py:190} INFO - [2025-03-06T20:28:36.543+0000] {dag.py:4180} INFO - Setting next_dagrun for stock_market to 2025-03-05 00:00:00+00:00, run_after=2025-03-06 00:00:00+00:00
[2025-03-06T20:28:36.555+0000] {processor.py:208} INFO - Processing /opt/airflow/dags/stock_market.py took 0.054 seconds
[2025-03-06T20:29:07.245+0000] {processor.py:186} INFO - Started process (PID=414) to work on /opt/airflow/dags/stock_market.py
[2025-03-06T20:29:07.245+0000] {processor.py:914} INFO - Processing file /opt/airflow/dags/stock_market.py for tasks to queue
[2025-03-06T20:29:07.247+0000] {logging_mixin.py:190} INFO - [2025-03-06T20:29:07.247+0000] {dagbag.py:588} INFO - Filling up the DagBag from /opt/airflow/dags/stock_market.py
[2025-03-06T20:29:07.252+0000] {processor.py:925} INFO - DAG(s) 'stock_market' retrieved from /opt/airflow/dags/stock_market.py
[2025-03-06T20:29:07.263+0000] {logging_mixin.py:190} INFO - [2025-03-06T20:29:07.263+0000] {dag.py:3239} INFO - Sync 1 DAGs
[2025-03-06T20:29:07.280+0000] {logging_mixin.py:190} INFO - [2025-03-06T20:29:07.280+0000] {dag.py:4180} INFO - Setting next_dagrun for stock_market to 2025-03-05 00:00:00+00:00, run_after=2025-03-06 00:00:00+00:00
[2025-03-06T20:29:07.291+0000] {processor.py:208} INFO - Processing /opt/airflow/dags/stock_market.py took 0.050 seconds
[2025-03-06T20:29:40.167+0000] {processor.py:186} INFO - Started process (PID=424) to work on /opt/airflow/dags/stock_market.py
[2025-03-06T20:29:40.168+0000] {processor.py:914} INFO - Processing file /opt/airflow/dags/stock_market.py for tasks to queue
[2025-03-06T20:29:40.169+0000] {logging_mixin.py:190} INFO - [2025-03-06T20:29:40.169+0000] {dagbag.py:588} INFO - Filling up the DagBag from /opt/airflow/dags/stock_market.py
[2025-03-06T20:29:40.174+0000] {processor.py:925} INFO - DAG(s) 'stock_market' retrieved from /opt/airflow/dags/stock_market.py
[2025-03-06T20:29:40.184+0000] {logging_mixin.py:190} INFO - [2025-03-06T20:29:40.184+0000] {dag.py:3239} INFO - Sync 1 DAGs
[2025-03-06T20:29:40.200+0000] {logging_mixin.py:190} INFO - [2025-03-06T20:29:40.200+0000] {dag.py:4180} INFO - Setting next_dagrun for stock_market to 2025-03-05 00:00:00+00:00, run_after=2025-03-06 00:00:00+00:00
[2025-03-06T20:29:40.211+0000] {processor.py:208} INFO - Processing /opt/airflow/dags/stock_market.py took 0.047 seconds
[2025-03-06T20:30:12.084+0000] {processor.py:186} INFO - Started process (PID=434) to work on /opt/airflow/dags/stock_market.py
[2025-03-06T20:30:12.085+0000] {processor.py:914} INFO - Processing file /opt/airflow/dags/stock_market.py for tasks to queue
[2025-03-06T20:30:12.086+0000] {logging_mixin.py:190} INFO - [2025-03-06T20:30:12.086+0000] {dagbag.py:588} INFO - Filling up the DagBag from /opt/airflow/dags/stock_market.py
[2025-03-06T20:30:12.091+0000] {processor.py:925} INFO - DAG(s) 'stock_market' retrieved from /opt/airflow/dags/stock_market.py
[2025-03-06T20:30:12.101+0000] {logging_mixin.py:190} INFO - [2025-03-06T20:30:12.101+0000] {dag.py:3239} INFO - Sync 1 DAGs
[2025-03-06T20:30:12.118+0000] {logging_mixin.py:190} INFO - [2025-03-06T20:30:12.118+0000] {dag.py:4180} INFO - Setting next_dagrun for stock_market to 2025-03-05 00:00:00+00:00, run_after=2025-03-06 00:00:00+00:00
[2025-03-06T20:30:12.130+0000] {processor.py:208} INFO - Processing /opt/airflow/dags/stock_market.py took 0.050 seconds
[2025-03-06T20:30:45.002+0000] {processor.py:186} INFO - Started process (PID=444) to work on /opt/airflow/dags/stock_market.py
[2025-03-06T20:30:45.003+0000] {processor.py:914} INFO - Processing file /opt/airflow/dags/stock_market.py for tasks to queue
[2025-03-06T20:30:45.004+0000] {logging_mixin.py:190} INFO - [2025-03-06T20:30:45.004+0000] {dagbag.py:588} INFO - Filling up the DagBag from /opt/airflow/dags/stock_market.py
[2025-03-06T20:30:45.009+0000] {processor.py:925} INFO - DAG(s) 'stock_market' retrieved from /opt/airflow/dags/stock_market.py
[2025-03-06T20:30:45.020+0000] {logging_mixin.py:190} INFO - [2025-03-06T20:30:45.019+0000] {dag.py:3239} INFO - Sync 1 DAGs
[2025-03-06T20:30:45.037+0000] {logging_mixin.py:190} INFO - [2025-03-06T20:30:45.037+0000] {dag.py:4180} INFO - Setting next_dagrun for stock_market to 2025-03-05 00:00:00+00:00, run_after=2025-03-06 00:00:00+00:00
[2025-03-06T20:30:45.048+0000] {processor.py:208} INFO - Processing /opt/airflow/dags/stock_market.py took 0.050 seconds
[2025-03-06T20:31:16.008+0000] {processor.py:186} INFO - Started process (PID=454) to work on /opt/airflow/dags/stock_market.py
[2025-03-06T20:31:16.008+0000] {processor.py:914} INFO - Processing file /opt/airflow/dags/stock_market.py for tasks to queue
[2025-03-06T20:31:16.010+0000] {logging_mixin.py:190} INFO - [2025-03-06T20:31:16.010+0000] {dagbag.py:588} INFO - Filling up the DagBag from /opt/airflow/dags/stock_market.py
[2025-03-06T20:31:16.016+0000] {processor.py:925} INFO - DAG(s) 'stock_market' retrieved from /opt/airflow/dags/stock_market.py
[2025-03-06T20:31:16.026+0000] {logging_mixin.py:190} INFO - [2025-03-06T20:31:16.026+0000] {dag.py:3239} INFO - Sync 1 DAGs
[2025-03-06T20:31:16.045+0000] {logging_mixin.py:190} INFO - [2025-03-06T20:31:16.045+0000] {dag.py:4180} INFO - Setting next_dagrun for stock_market to 2025-03-05 00:00:00+00:00, run_after=2025-03-06 00:00:00+00:00
[2025-03-06T20:31:16.058+0000] {processor.py:208} INFO - Processing /opt/airflow/dags/stock_market.py took 0.054 seconds
[2025-03-06T20:31:47.211+0000] {processor.py:186} INFO - Started process (PID=464) to work on /opt/airflow/dags/stock_market.py
[2025-03-06T20:31:47.212+0000] {processor.py:914} INFO - Processing file /opt/airflow/dags/stock_market.py for tasks to queue
[2025-03-06T20:31:47.213+0000] {logging_mixin.py:190} INFO - [2025-03-06T20:31:47.213+0000] {dagbag.py:588} INFO - Filling up the DagBag from /opt/airflow/dags/stock_market.py
[2025-03-06T20:31:47.218+0000] {processor.py:925} INFO - DAG(s) 'stock_market' retrieved from /opt/airflow/dags/stock_market.py
[2025-03-06T20:31:47.229+0000] {logging_mixin.py:190} INFO - [2025-03-06T20:31:47.229+0000] {dag.py:3239} INFO - Sync 1 DAGs
[2025-03-06T20:31:47.246+0000] {logging_mixin.py:190} INFO - [2025-03-06T20:31:47.245+0000] {dag.py:4180} INFO - Setting next_dagrun for stock_market to 2025-03-05 00:00:00+00:00, run_after=2025-03-06 00:00:00+00:00
[2025-03-06T20:31:47.257+0000] {processor.py:208} INFO - Processing /opt/airflow/dags/stock_market.py took 0.049 seconds
[2025-03-06T20:32:20.137+0000] {processor.py:186} INFO - Started process (PID=474) to work on /opt/airflow/dags/stock_market.py
[2025-03-06T20:32:20.138+0000] {processor.py:914} INFO - Processing file /opt/airflow/dags/stock_market.py for tasks to queue
[2025-03-06T20:32:20.139+0000] {logging_mixin.py:190} INFO - [2025-03-06T20:32:20.139+0000] {dagbag.py:588} INFO - Filling up the DagBag from /opt/airflow/dags/stock_market.py
[2025-03-06T20:32:20.146+0000] {processor.py:925} INFO - DAG(s) 'stock_market' retrieved from /opt/airflow/dags/stock_market.py
[2025-03-06T20:32:20.159+0000] {logging_mixin.py:190} INFO - [2025-03-06T20:32:20.159+0000] {dag.py:3239} INFO - Sync 1 DAGs
[2025-03-06T20:32:20.177+0000] {logging_mixin.py:190} INFO - [2025-03-06T20:32:20.177+0000] {dag.py:4180} INFO - Setting next_dagrun for stock_market to 2025-03-05 00:00:00+00:00, run_after=2025-03-06 00:00:00+00:00
[2025-03-06T20:32:20.189+0000] {processor.py:208} INFO - Processing /opt/airflow/dags/stock_market.py took 0.055 seconds
[2025-03-06T20:32:51.979+0000] {processor.py:186} INFO - Started process (PID=484) to work on /opt/airflow/dags/stock_market.py
[2025-03-06T20:32:51.980+0000] {processor.py:914} INFO - Processing file /opt/airflow/dags/stock_market.py for tasks to queue
[2025-03-06T20:32:51.981+0000] {logging_mixin.py:190} INFO - [2025-03-06T20:32:51.981+0000] {dagbag.py:588} INFO - Filling up the DagBag from /opt/airflow/dags/stock_market.py
[2025-03-06T20:32:51.986+0000] {processor.py:925} INFO - DAG(s) 'stock_market' retrieved from /opt/airflow/dags/stock_market.py
[2025-03-06T20:32:51.998+0000] {logging_mixin.py:190} INFO - [2025-03-06T20:32:51.997+0000] {dag.py:3239} INFO - Sync 1 DAGs
[2025-03-06T20:32:52.016+0000] {logging_mixin.py:190} INFO - [2025-03-06T20:32:52.015+0000] {dag.py:4180} INFO - Setting next_dagrun for stock_market to 2025-03-05 00:00:00+00:00, run_after=2025-03-06 00:00:00+00:00
[2025-03-06T20:32:52.028+0000] {processor.py:208} INFO - Processing /opt/airflow/dags/stock_market.py took 0.053 seconds
[2025-03-06T20:33:24.903+0000] {processor.py:186} INFO - Started process (PID=494) to work on /opt/airflow/dags/stock_market.py
[2025-03-06T20:33:24.903+0000] {processor.py:914} INFO - Processing file /opt/airflow/dags/stock_market.py for tasks to queue
[2025-03-06T20:33:24.905+0000] {logging_mixin.py:190} INFO - [2025-03-06T20:33:24.904+0000] {dagbag.py:588} INFO - Filling up the DagBag from /opt/airflow/dags/stock_market.py
[2025-03-06T20:33:24.910+0000] {processor.py:925} INFO - DAG(s) 'stock_market' retrieved from /opt/airflow/dags/stock_market.py
[2025-03-06T20:33:24.920+0000] {logging_mixin.py:190} INFO - [2025-03-06T20:33:24.920+0000] {dag.py:3239} INFO - Sync 1 DAGs
[2025-03-06T20:33:24.937+0000] {logging_mixin.py:190} INFO - [2025-03-06T20:33:24.937+0000] {dag.py:4180} INFO - Setting next_dagrun for stock_market to 2025-03-05 00:00:00+00:00, run_after=2025-03-06 00:00:00+00:00
[2025-03-06T20:33:24.954+0000] {processor.py:208} INFO - Processing /opt/airflow/dags/stock_market.py took 0.055 seconds
[2025-03-06T20:33:57.830+0000] {processor.py:186} INFO - Started process (PID=504) to work on /opt/airflow/dags/stock_market.py
[2025-03-06T20:33:57.830+0000] {processor.py:914} INFO - Processing file /opt/airflow/dags/stock_market.py for tasks to queue
[2025-03-06T20:33:57.832+0000] {logging_mixin.py:190} INFO - [2025-03-06T20:33:57.831+0000] {dagbag.py:588} INFO - Filling up the DagBag from /opt/airflow/dags/stock_market.py
[2025-03-06T20:33:57.838+0000] {processor.py:925} INFO - DAG(s) 'stock_market' retrieved from /opt/airflow/dags/stock_market.py
[2025-03-06T20:33:57.851+0000] {logging_mixin.py:190} INFO - [2025-03-06T20:33:57.851+0000] {dag.py:3239} INFO - Sync 1 DAGs
[2025-03-06T20:33:57.874+0000] {logging_mixin.py:190} INFO - [2025-03-06T20:33:57.874+0000] {dag.py:4180} INFO - Setting next_dagrun for stock_market to 2025-03-05 00:00:00+00:00, run_after=2025-03-06 00:00:00+00:00
[2025-03-06T20:33:57.887+0000] {processor.py:208} INFO - Processing /opt/airflow/dags/stock_market.py took 0.062 seconds
[2025-03-06T20:34:30.680+0000] {processor.py:186} INFO - Started process (PID=514) to work on /opt/airflow/dags/stock_market.py
[2025-03-06T20:34:30.680+0000] {processor.py:914} INFO - Processing file /opt/airflow/dags/stock_market.py for tasks to queue
[2025-03-06T20:34:30.682+0000] {logging_mixin.py:190} INFO - [2025-03-06T20:34:30.681+0000] {dagbag.py:588} INFO - Filling up the DagBag from /opt/airflow/dags/stock_market.py
[2025-03-06T20:34:30.688+0000] {processor.py:925} INFO - DAG(s) 'stock_market' retrieved from /opt/airflow/dags/stock_market.py
[2025-03-06T20:34:30.701+0000] {logging_mixin.py:190} INFO - [2025-03-06T20:34:30.701+0000] {dag.py:3239} INFO - Sync 1 DAGs
[2025-03-06T20:34:30.718+0000] {logging_mixin.py:190} INFO - [2025-03-06T20:34:30.718+0000] {dag.py:4180} INFO - Setting next_dagrun for stock_market to 2025-03-05 00:00:00+00:00, run_after=2025-03-06 00:00:00+00:00
[2025-03-06T20:34:30.729+0000] {processor.py:208} INFO - Processing /opt/airflow/dags/stock_market.py took 0.053 seconds
[2025-03-06T20:35:01.684+0000] {processor.py:186} INFO - Started process (PID=524) to work on /opt/airflow/dags/stock_market.py
[2025-03-06T20:35:01.685+0000] {processor.py:914} INFO - Processing file /opt/airflow/dags/stock_market.py for tasks to queue
[2025-03-06T20:35:01.686+0000] {logging_mixin.py:190} INFO - [2025-03-06T20:35:01.686+0000] {dagbag.py:588} INFO - Filling up the DagBag from /opt/airflow/dags/stock_market.py
[2025-03-06T20:35:01.692+0000] {processor.py:925} INFO - DAG(s) 'stock_market' retrieved from /opt/airflow/dags/stock_market.py
[2025-03-06T20:35:01.706+0000] {logging_mixin.py:190} INFO - [2025-03-06T20:35:01.706+0000] {dag.py:3239} INFO - Sync 1 DAGs
[2025-03-06T20:35:01.724+0000] {logging_mixin.py:190} INFO - [2025-03-06T20:35:01.724+0000] {dag.py:4180} INFO - Setting next_dagrun for stock_market to 2025-03-05 00:00:00+00:00, run_after=2025-03-06 00:00:00+00:00
[2025-03-06T20:35:01.736+0000] {processor.py:208} INFO - Processing /opt/airflow/dags/stock_market.py took 0.056 seconds
[2025-03-06T20:35:32.004+0000] {processor.py:186} INFO - Started process (PID=534) to work on /opt/airflow/dags/stock_market.py
[2025-03-06T20:35:32.005+0000] {processor.py:914} INFO - Processing file /opt/airflow/dags/stock_market.py for tasks to queue
[2025-03-06T20:35:32.006+0000] {logging_mixin.py:190} INFO - [2025-03-06T20:35:32.006+0000] {dagbag.py:588} INFO - Filling up the DagBag from /opt/airflow/dags/stock_market.py
[2025-03-06T20:35:32.011+0000] {processor.py:925} INFO - DAG(s) 'stock_market' retrieved from /opt/airflow/dags/stock_market.py
[2025-03-06T20:35:32.021+0000] {logging_mixin.py:190} INFO - [2025-03-06T20:35:32.021+0000] {dag.py:3239} INFO - Sync 1 DAGs
[2025-03-06T20:35:32.039+0000] {logging_mixin.py:190} INFO - [2025-03-06T20:35:32.039+0000] {dag.py:4180} INFO - Setting next_dagrun for stock_market to 2025-03-05 00:00:00+00:00, run_after=2025-03-06 00:00:00+00:00
[2025-03-06T20:35:32.051+0000] {processor.py:208} INFO - Processing /opt/airflow/dags/stock_market.py took 0.050 seconds
[2025-03-06T20:36:03.922+0000] {processor.py:186} INFO - Started process (PID=544) to work on /opt/airflow/dags/stock_market.py
[2025-03-06T20:36:03.923+0000] {processor.py:914} INFO - Processing file /opt/airflow/dags/stock_market.py for tasks to queue
[2025-03-06T20:36:03.925+0000] {logging_mixin.py:190} INFO - [2025-03-06T20:36:03.924+0000] {dagbag.py:588} INFO - Filling up the DagBag from /opt/airflow/dags/stock_market.py
[2025-03-06T20:36:03.930+0000] {processor.py:925} INFO - DAG(s) 'stock_market' retrieved from /opt/airflow/dags/stock_market.py
[2025-03-06T20:36:03.940+0000] {logging_mixin.py:190} INFO - [2025-03-06T20:36:03.940+0000] {dag.py:3239} INFO - Sync 1 DAGs
[2025-03-06T20:36:03.959+0000] {logging_mixin.py:190} INFO - [2025-03-06T20:36:03.959+0000] {dag.py:4180} INFO - Setting next_dagrun for stock_market to 2025-03-05 00:00:00+00:00, run_after=2025-03-06 00:00:00+00:00
[2025-03-06T20:36:03.970+0000] {processor.py:208} INFO - Processing /opt/airflow/dags/stock_market.py took 0.051 seconds
